Using pre-set license
Built from '2021.3/staging' branch; Version is '2021.3.13f1 (9e7d58001ecf) revision 10386776'; Using compiler version '192829333'; Build Type 'Release'
OS: 'Windows 11  (10.0.22621) 64bit Professional' Language: 'de' Physical Memory: 31864 MB
BatchMode: 1, IsHumanControllingUs: 0, StartBugReporterOnCrash: 0, Is64bit: 1, IsPro: 1

COMMAND LINE ARGUMENTS:
C:\Program Files\Unity\Hub\Editor\2021.3.13f1\Editor\Unity.exe
-adb2
-batchMode
-noUpm
-name
AssetImportWorker2
-projectPath
D:/Unity_VR/VRGame/VRGame
-logFile
Logs/AssetImportWorker2.log
-srvPort
59293
Successfully changed project path to: D:/Unity_VR/VRGame/VRGame
D:/Unity_VR/VRGame/VRGame
[UnityMemory] Configuration Parameters - Can be set up in boot.config
    "memorysetup-bucket-allocator-granularity=16"
    "memorysetup-bucket-allocator-bucket-count=8"
    "memorysetup-bucket-allocator-block-size=33554432"
    "memorysetup-bucket-allocator-block-count=8"
    "memorysetup-main-allocator-block-size=16777216"
    "memorysetup-thread-allocator-block-size=16777216"
    "memorysetup-gfx-main-allocator-block-size=16777216"
    "memorysetup-gfx-thread-allocator-block-size=16777216"
    "memorysetup-cache-allocator-block-size=4194304"
    "memorysetup-typetree-allocator-block-size=2097152"
    "memorysetup-profiler-bucket-allocator-granularity=16"
    "memorysetup-profiler-bucket-allocator-bucket-count=8"
    "memorysetup-profiler-bucket-allocator-block-size=33554432"
    "memorysetup-profiler-bucket-allocator-block-count=8"
    "memorysetup-profiler-allocator-block-size=16777216"
    "memorysetup-profiler-editor-allocator-block-size=1048576"
    "memorysetup-temp-allocator-size-main=16777216"
    "memorysetup-job-temp-allocator-block-size=2097152"
    "memorysetup-job-temp-allocator-block-size-background=1048576"
    "memorysetup-job-temp-allocator-reduction-small-platforms=262144"
    "memorysetup-temp-allocator-size-background-worker=32768"
    "memorysetup-temp-allocator-size-job-worker=262144"
    "memorysetup-temp-allocator-size-preload-manager=33554432"
    "memorysetup-temp-allocator-size-nav-mesh-worker=65536"
    "memorysetup-temp-allocator-size-audio-worker=65536"
    "memorysetup-temp-allocator-size-cloud-worker=32768"
    "memorysetup-temp-allocator-size-gi-baking-worker=262144"
    "memorysetup-temp-allocator-size-gfx=262144"
Refreshing native plugins compatible for Editor in 48.51 ms, found 6 plugins.
Preloading 0 native plugins for Editor in 0.00 ms.
Initialize engine version: 2021.3.13f1 (9e7d58001ecf)
[Subsystems] Discovering subsystems at path C:/Program Files/Unity/Hub/Editor/2021.3.13f1/Editor/Data/Resources/UnitySubsystems
[Subsystems] Discovering subsystems at path D:/Unity_VR/VRGame/VRGame/Assets
GfxDevice: creating device client; threaded=0; jobified=0
Direct3D:
    Version:  Direct3D 11.0 [level 11.1]
    Renderer: NVIDIA GeForce RTX 3080 (ID=0x2216)
    Vendor:   NVIDIA
    VRAM:     10067 MB
    Driver:   31.0.15.2686
Initialize mono
Mono path[0] = 'C:/Program Files/Unity/Hub/Editor/2021.3.13f1/Editor/Data/Managed'
Mono path[1] = 'C:/Program Files/Unity/Hub/Editor/2021.3.13f1/Editor/Data/MonoBleedingEdge/lib/mono/unityjit-win32'
Mono config path = 'C:/Program Files/Unity/Hub/Editor/2021.3.13f1/Editor/Data/MonoBleedingEdge/etc'
Using monoOptions --debugger-agent=transport=dt_socket,embedding=1,server=y,suspend=n,address=127.0.0.1:56912
Begin MonoManager ReloadAssembly
Registering precompiled unity dll's ...
Register platform support module: C:/Program Files/Unity/Hub/Editor/2021.3.13f1/Editor/Data/PlaybackEngines/WebGLSupport/UnityEditor.WebGL.Extensions.dll
Register platform support module: C:/Program Files/Unity/Hub/Editor/2021.3.13f1/Editor/Data/PlaybackEngines/WindowsStandaloneSupport/UnityEditor.WindowsStandalone.Extensions.dll
Registered in 0.004016 seconds.
Native extension for WindowsStandalone target not found
Native extension for WebGL target not found
Refreshing native plugins compatible for Editor in 45.48 ms, found 6 plugins.
Preloading 0 native plugins for Editor in 0.00 ms.
Mono: successfully reloaded assembly
- Completed reload, in  0.336 seconds
Domain Reload Profiling:
	ReloadAssembly (336ms)
		BeginReloadAssembly (36ms)
			ExecutionOrderSort (0ms)
			DisableScriptedObjects (0ms)
			BackupInstance (0ms)
			ReleaseScriptingObjects (0ms)
			CreateAndSetChildDomain (0ms)
		EndReloadAssembly (243ms)
			LoadAssemblies (35ms)
			RebuildTransferFunctionScriptingTraits (0ms)
			SetupTypeCache (52ms)
			ReleaseScriptCaches (0ms)
			RebuildScriptCaches (14ms)
			SetupLoadedEditorAssemblies (150ms)
				LogAssemblyErrors (0ms)
				InitializePlatformSupportModulesInManaged (5ms)
				SetLoadedEditorAssemblies (0ms)
				RefreshPlugins (46ms)
				BeforeProcessingInitializeOnLoad (1ms)
				ProcessInitializeOnLoadAttributes (74ms)
				ProcessInitializeOnLoadMethodAttributes (25ms)
				AfterProcessingInitializeOnLoad (0ms)
				EditorAssembliesLoaded (0ms)
			ExecutionOrderSort2 (0ms)
			AwakeInstancesAfterBackupRestoration (0ms)
Platform modules already initialized, skipping
Registering precompiled user dll's ...
Registered in 0.003589 seconds.
Begin MonoManager ReloadAssembly
Symbol file LoadedFromMemory doesn't match image D:\Unity_VR\VRGame\VRGame\Library\PackageCache\com.unity.visualscripting@1.7.8\Editor\VisualScripting.Core\Dependencies\YamlDotNet\Unity.VisualScripting.YamlDotNet.dll
Symbol file LoadedFromMemory doesn't match image D:\Unity_VR\VRGame\VRGame\Library\PackageCache\com.unity.visualscripting@1.7.8\Editor\VisualScripting.Core\Dependencies\DotNetZip\Unity.VisualScripting.IonicZip.dll
Native extension for WindowsStandalone target not found
Native extension for WebGL target not found
Refreshing native plugins compatible for Editor in 0.53 ms, found 6 plugins.
Preloading 0 native plugins for Editor in 0.00 ms.
Package Manager log level set to [2]
Mono: successfully reloaded assembly
- Completed reload, in  0.553 seconds
Domain Reload Profiling:
	ReloadAssembly (553ms)
		BeginReloadAssembly (58ms)
			ExecutionOrderSort (0ms)
			DisableScriptedObjects (3ms)
			BackupInstance (0ms)
			ReleaseScriptingObjects (0ms)
			CreateAndSetChildDomain (14ms)
		EndReloadAssembly (435ms)
			LoadAssemblies (44ms)
			RebuildTransferFunctionScriptingTraits (0ms)
			SetupTypeCache (138ms)
			ReleaseScriptCaches (0ms)
			RebuildScriptCaches (31ms)
			SetupLoadedEditorAssemblies (198ms)
				LogAssemblyErrors (0ms)
				InitializePlatformSupportModulesInManaged (3ms)
				SetLoadedEditorAssemblies (0ms)
				RefreshPlugins (1ms)
				BeforeProcessingInitializeOnLoad (48ms)
				ProcessInitializeOnLoadAttributes (125ms)
				ProcessInitializeOnLoadMethodAttributes (16ms)
				AfterProcessingInitializeOnLoad (5ms)
				EditorAssembliesLoaded (0ms)
			ExecutionOrderSort2 (0ms)
			AwakeInstancesAfterBackupRestoration (4ms)
Platform modules already initialized, skipping
========================================================================
Worker process is ready to serve import requests
Launched and connected shader compiler UnityShaderCompiler.exe after 0.03 seconds
Refreshing native plugins compatible for Editor in 1.07 ms, found 6 plugins.
Preloading 0 native plugins for Editor in 0.00 ms.
Unloading 3668 Unused Serialized files (Serialized files now loaded: 0)
Unloading 30 unused Assets / (113.8 KB). Loaded Objects now: 4126.
Memory consumption went from 130.2 MB to 130.1 MB.
Total: 2.352700 ms (FindLiveObjects: 0.211500 ms CreateObjectMapping: 0.053000 ms MarkObjects: 2.008800 ms  DeleteObjects: 0.078700 ms)

AssetImportParameters requested are different than current active one (requested -> active):
  custom:video-decoder-ogg-theora: a1e56fd34408186e4bbccfd4996cb3dc -> 
  custom:container-muxer-webm: aa71ff27fc2769a1b78a27578f13a17b -> 
  custom:container-demuxer-webm: 4f35f7cbe854078d1ac9338744f61a02 -> 
  custom:video-encoder-webm-vp8: eb34c28f22e8b96e1ab97ce403110664 -> 
  custom:video-codec-MediaFoundation-h265: 746d11721c4dcdbdad8f713fa42b33f4 -> 
  custom:audio-encoder-webm-vorbis: bf7c407c2cedff20999df2af8eb42d56 -> 
  custom:framework-win-MediaFoundation: 216162199b28c13a410421893ffa2e32 -> 
  custom:container-demuxer-ogg: 62fdf1f143b41e24485cea50d1cbac27 -> 
  custom:video-decoder-webm-vp8: 9c59270c3fd7afecdb556c50c9e8de78 -> 
  custom:audio-decoder-ogg-vorbis: bf7c407c2cedff20999df2af8eb42d56 -> 
========================================================================
Received Import Request.
  Time since last request: 260444.130418 seconds.
  path: Assets/SteamVR/InteractionSystem/Samples/Models/Materials/BuggyController__Controller.mat
  artifactKey: Guid(f66e57e05610a774bbb5097b4975a23a) Importer(815301076,1909f56bfc062723c751e8b465ee728b)
Start importing Assets/SteamVR/InteractionSystem/Samples/Models/Materials/BuggyController__Controller.mat using Guid(f66e57e05610a774bbb5097b4975a23a) Importer(815301076,1909f56bfc062723c751e8b465ee728b)  -> (artifact id: '82fbfbe53fa1015f95cdf49dc947f36f') in 0.074697 seconds 
========================================================================
Received Import Request.
  Time since last request: 0.000021 seconds.
  path: Assets/SteamVR/InteractionSystem/Samples/Materials/ShinyWhiteHighlightedHand.mat
  artifactKey: Guid(01e070cb2f8dde54b88866d7a3896d64) Importer(815301076,1909f56bfc062723c751e8b465ee728b)
Start importing Assets/SteamVR/InteractionSystem/Samples/Materials/ShinyWhiteHighlightedHand.mat using Guid(01e070cb2f8dde54b88866d7a3896d64) Importer(815301076,1909f56bfc062723c751e8b465ee728b)  -> (artifact id: '9433383610e0c2118c92fe2ab6825a29') in 0.012301 seconds 
========================================================================
Received Import Request.
  Time since last request: 0.000019 seconds.
  path: Assets/SteamVR/InteractionSystem/Samples/Materials/flowerMat.mat
  artifactKey: Guid(0308a1af4b58be146947cb7f05f0b7cd) Importer(815301076,1909f56bfc062723c751e8b465ee728b)
Start importing Assets/SteamVR/InteractionSystem/Samples/Materials/flowerMat.mat using Guid(0308a1af4b58be146947cb7f05f0b7cd) Importer(815301076,1909f56bfc062723c751e8b465ee728b)  -> (artifact id: '3cf3bcd753504110ea76ffebfbc17dc4') in 0.008813 seconds 
========================================================================
Received Import Request.
  Time since last request: 0.000018 seconds.
  path: Assets/SteamVR/InteractionSystem/Samples/Models/Materials/Furniture.mat
  artifactKey: Guid(44849d41e6077f145a95f87372b6b598) Importer(815301076,1909f56bfc062723c751e8b465ee728b)
Start importing Assets/SteamVR/InteractionSystem/Samples/Models/Materials/Furniture.mat using Guid(44849d41e6077f145a95f87372b6b598) Importer(815301076,1909f56bfc062723c751e8b465ee728b)  -> (artifact id: '01a56d3b48001e263e323ad4c515bc6a') in 0.190118 seconds 
========================================================================
Received Import Request.
  Time since last request: 0.000018 seconds.
  path: Assets/SteamVR/InteractionSystem/Samples/Models/Materials/BuggyController.mat
  artifactKey: Guid(aa587069092ad614eab6b0d694a87c96) Importer(815301076,1909f56bfc062723c751e8b465ee728b)
Start importing Assets/SteamVR/InteractionSystem/Samples/Models/Materials/BuggyController.mat using Guid(aa587069092ad614eab6b0d694a87c96) Importer(815301076,1909f56bfc062723c751e8b465ee728b)  -> (artifact id: '909afd96981fa5e132e2748cc7610ccb') in 0.008448 seconds 
========================================================================
Received Import Request.
  Time since last request: 0.000021 seconds.
  path: Assets/SteamVR/InteractionSystem/Samples/JoeJeff/Materials/PController.mat
  artifactKey: Guid(76f42063ac80e7e45aa27bebda813768) Importer(815301076,1909f56bfc062723c751e8b465ee728b)
Start importing Assets/SteamVR/InteractionSystem/Samples/JoeJeff/Materials/PController.mat using Guid(76f42063ac80e7e45aa27bebda813768) Importer(815301076,1909f56bfc062723c751e8b465ee728b)  -> (artifact id: 'fa034f720cb5f74de014f41423696c3e') in 0.026377 seconds 
========================================================================
Received Import Request.
  Time since last request: 0.000015 seconds.
  path: Assets/SteamVR/InteractionSystem/Samples/Models/Materials/No Name.mat
  artifactKey: Guid(d35a9f69ebf49c547abfcb58ee6fb9ed) Importer(815301076,1909f56bfc062723c751e8b465ee728b)
Start importing Assets/SteamVR/InteractionSystem/Samples/Models/Materials/No Name.mat using Guid(d35a9f69ebf49c547abfcb58ee6fb9ed) Importer(815301076,1909f56bfc062723c751e8b465ee728b)  -> (artifact id: '6d17c7374c533a4d18f4007473647f99') in 0.010789 seconds 
========================================================================
Received Import Request.
  Time since last request: 0.000015 seconds.
  path: Assets/SteamVR/InteractionSystem/Longbow/Materials/LongbowNotch.mat
  artifactKey: Guid(5be56a64c3c6c434eb746320e06a27ac) Importer(815301076,1909f56bfc062723c751e8b465ee728b)
Start importing Assets/SteamVR/InteractionSystem/Longbow/Materials/LongbowNotch.mat using Guid(5be56a64c3c6c434eb746320e06a27ac) Importer(815301076,1909f56bfc062723c751e8b465ee728b)  -> (artifact id: 'b76d6849a8f6c0e21d87bd0cf5ab4469') in 0.009261 seconds 
========================================================================
Received Import Request.
  Time since last request: 0.000016 seconds.
  path: Assets/SteamVR/Models/Materials/models_hands_vr_glove.vmat.mat
  artifactKey: Guid(fad1eadf5b103e94ebbe02490afe0503) Importer(815301076,1909f56bfc062723c751e8b465ee728b)
Start importing Assets/SteamVR/Models/Materials/models_hands_vr_glove.vmat.mat using Guid(fad1eadf5b103e94ebbe02490afe0503) Importer(815301076,1909f56bfc062723c751e8b465ee728b)  -> (artifact id: 'b727fec86bfc405dd7cd853677805be7') in 0.008391 seconds 
========================================================================
Received Import Request.
  Time since last request: 0.000013 seconds.
  path: Assets/SteamVR/Models/Materials/No Name.mat
  artifactKey: Guid(25505c45cde55ab4581c30195145adc8) Importer(815301076,1909f56bfc062723c751e8b465ee728b)
Start importing Assets/SteamVR/Models/Materials/No Name.mat using Guid(25505c45cde55ab4581c30195145adc8) Importer(815301076,1909f56bfc062723c751e8b465ee728b)  -> (artifact id: 'ac900f925125ddf1c305aa2099dc43cd') in 0.009938 seconds 
========================================================================
Received Import Request.
  Time since last request: 0.000013 seconds.
  path: Assets/SteamVR/Models/Materials/AlienHand.mat
  artifactKey: Guid(ceb48f72b3325c74e95838fb760d0ab0) Importer(815301076,1909f56bfc062723c751e8b465ee728b)
Start importing Assets/SteamVR/Models/Materials/AlienHand.mat using Guid(ceb48f72b3325c74e95838fb760d0ab0) Importer(815301076,1909f56bfc062723c751e8b465ee728b)  -> (artifact id: '8d1f376b29c01d36a821ba2445650d6a') in 0.033216 seconds 
========================================================================
Received Import Request.
  Time since last request: 0.000014 seconds.
  path: Assets/SteamVR/InteractionSystem/Samples/BuggyBuddy/Materials/laser.mat
  artifactKey: Guid(753a9b80e714a8a43a0c1ff5a89d0bc9) Importer(815301076,1909f56bfc062723c751e8b465ee728b)
Start importing Assets/SteamVR/InteractionSystem/Samples/BuggyBuddy/Materials/laser.mat using Guid(753a9b80e714a8a43a0c1ff5a89d0bc9) Importer(815301076,1909f56bfc062723c751e8b465ee728b)  -> (artifact id: 'dd77155d47fe521cbe294a157b43cdbc') in 0.011042 seconds 
========================================================================
Received Import Request.
  Time since last request: 0.000015 seconds.
  path: Assets/SteamVR/InteractionSystem/Longbow/Materials/ArcheryTargetWeeble.mat
  artifactKey: Guid(0ae132d3c08907a4d931b3ed4debc646) Importer(815301076,1909f56bfc062723c751e8b465ee728b)
Start importing Assets/SteamVR/InteractionSystem/Longbow/Materials/ArcheryTargetWeeble.mat using Guid(0ae132d3c08907a4d931b3ed4debc646) Importer(815301076,1909f56bfc062723c751e8b465ee728b)  -> (artifact id: 'c665b64d15800e2385158ec5fc8226d2') in 0.026647 seconds 
========================================================================
Received Import Request.
  Time since last request: 0.000013 seconds.
  path: Assets/SteamVR/InteractionSystem/Samples/BuggyBuddy/Materials/LightCone_Blue.mat
  artifactKey: Guid(de29e3f99653dd247b97b35181989291) Importer(815301076,1909f56bfc062723c751e8b465ee728b)
Start importing Assets/SteamVR/InteractionSystem/Samples/BuggyBuddy/Materials/LightCone_Blue.mat using Guid(de29e3f99653dd247b97b35181989291) Importer(815301076,1909f56bfc062723c751e8b465ee728b)  -> (artifact id: 'c7a31bed966ac4132152249053067e84') in 0.008095 seconds 
========================================================================
Received Import Request.
  Time since last request: 0.000013 seconds.
  path: Assets/SteamVR/InteractionSystem/Samples/Materials/ShinyWhite.mat
  artifactKey: Guid(7e90f10e44a186a49a00679d068515ed) Importer(815301076,1909f56bfc062723c751e8b465ee728b)
Start importing Assets/SteamVR/InteractionSystem/Samples/Materials/ShinyWhite.mat using Guid(7e90f10e44a186a49a00679d068515ed) Importer(815301076,1909f56bfc062723c751e8b465ee728b)  -> (artifact id: '3c57dff069680768ffc7fc6619b078b3') in 0.009871 seconds 
========================================================================
Received Import Request.
  Time since last request: 12.999248 seconds.
  path: Assets/SteamVR/InteractionSystem/Longbow/Materials/TorchFire.mat
  artifactKey: Guid(9fff76eb68ad4c44b87be9e2ca168a80) Importer(815301076,1909f56bfc062723c751e8b465ee728b)
Start importing Assets/SteamVR/InteractionSystem/Longbow/Materials/TorchFire.mat using Guid(9fff76eb68ad4c44b87be9e2ca168a80) Importer(815301076,1909f56bfc062723c751e8b465ee728b)  -> (artifact id: '455ddb2de790cb28432c6f1bce97ed74') in 0.033076 seconds 
========================================================================
Received Import Request.
  Time since last request: 0.000014 seconds.
  path: Assets/SteamVR/InteractionSystem/Samples/Materials/URPflowerMatOp.mat
  artifactKey: Guid(ac9d55e9d2534df40a84030248c00fb0) Importer(815301076,1909f56bfc062723c751e8b465ee728b)
Start importing Assets/SteamVR/InteractionSystem/Samples/Materials/URPflowerMatOp.mat using Guid(ac9d55e9d2534df40a84030248c00fb0) Importer(815301076,1909f56bfc062723c751e8b465ee728b)  -> (artifact id: 'e951df3b6ce94d3201bce50e219aad82') in 0.011421 seconds 
========================================================================
Received Import Request.
  Time since last request: 35.440356 seconds.
  path: Assets/SteamVR/Models/Materials/vr_glove_color_red.mat
  artifactKey: Guid(8f32b3d74401443479c643e48c21915a) Importer(815301076,1909f56bfc062723c751e8b465ee728b)
Start importing Assets/SteamVR/Models/Materials/vr_glove_color_red.mat using Guid(8f32b3d74401443479c643e48c21915a) Importer(815301076,1909f56bfc062723c751e8b465ee728b)  -> (artifact id: '26476bf4e6a60ab3e65acd0947791ca0') in 0.115703 seconds 
========================================================================
Received Import Request.
  Time since last request: 0.266063 seconds.
  path: Assets/SteamVR/Materials/workshop.mat
  artifactKey: Guid(712cd3a70a5a1da41a6594aac6a97abe) Importer(815301076,1909f56bfc062723c751e8b465ee728b)
Start importing Assets/SteamVR/Materials/workshop.mat using Guid(712cd3a70a5a1da41a6594aac6a97abe) Importer(815301076,1909f56bfc062723c751e8b465ee728b)  -> (artifact id: 'ecec830037100185708057697522daba') in 0.033125 seconds 
========================================================================
Received Import Request.
  Time since last request: 96.419793 seconds.
  path: Assets/SteamVR/Prefabs/[Status].prefab
  artifactKey: Guid(255333d57084e4e46b3d948279746a47) Importer(815301076,1909f56bfc062723c751e8b465ee728b)
Start importing Assets/SteamVR/Prefabs/[Status].prefab using Guid(255333d57084e4e46b3d948279746a47) Importer(815301076,1909f56bfc062723c751e8b465ee728b)  -> (artifact id: '0337049fbdb8094d9889433947614068') in 0.018483 seconds 
========================================================================
Received Import Request.
  Time since last request: 0.000012 seconds.
  path: Assets/SteamVR/InteractionSystem/Longbow/Prefabs/Arrow.prefab
  artifactKey: Guid(81fc1450441aca64e8cc1a0e14b1aa77) Importer(815301076,1909f56bfc062723c751e8b465ee728b)
Start importing Assets/SteamVR/InteractionSystem/Longbow/Prefabs/Arrow.prefab using Guid(81fc1450441aca64e8cc1a0e14b1aa77) Importer(815301076,1909f56bfc062723c751e8b465ee728b)  -> (artifact id: '39c729d90b963f989fdea6ac3ca28ffe') in 0.114874 seconds 
========================================================================
Received Import Request.
  Time since last request: 0.000013 seconds.
  path: Assets/SteamVR/InteractionSystem/Longbow/Prefabs/Balloon.prefab
  artifactKey: Guid(8e13c6e5a21aeea4db3c25ef0e529308) Importer(815301076,1909f56bfc062723c751e8b465ee728b)
Start importing Assets/SteamVR/InteractionSystem/Longbow/Prefabs/Balloon.prefab using Guid(8e13c6e5a21aeea4db3c25ef0e529308) Importer(815301076,1909f56bfc062723c751e8b465ee728b)  -> (artifact id: 'd6fcf588591aaa671f460e89e5ba56d1') in 0.128281 seconds 
========================================================================
Received Import Request.
  Time since last request: 0.000019 seconds.
  path: Assets/SteamVR/InteractionSystem/Samples/Models/Wall.prefab
  artifactKey: Guid(4f8a76d2be4d1cb40a9aa32921fcb73c) Importer(815301076,1909f56bfc062723c751e8b465ee728b)
Start importing Assets/SteamVR/InteractionSystem/Samples/Models/Wall.prefab using Guid(4f8a76d2be4d1cb40a9aa32921fcb73c) Importer(815301076,1909f56bfc062723c751e8b465ee728b)  -> (artifact id: 'c1a5d47a1ba43801ae33b82edfc9c38a') in 0.019877 seconds 
========================================================================
Received Import Request.
  Time since last request: 0.000014 seconds.
  path: Assets/SteamVR/InteractionSystem/Longbow/Prefabs/LongbowItemPackage.prefab
  artifactKey: Guid(98a3ad29136d5c04f8a025adf1cbd704) Importer(815301076,1909f56bfc062723c751e8b465ee728b)
Start importing Assets/SteamVR/InteractionSystem/Longbow/Prefabs/LongbowItemPackage.prefab using Guid(98a3ad29136d5c04f8a025adf1cbd704) Importer(815301076,1909f56bfc062723c751e8b465ee728b)  -> (artifact id: '33808cacfd2768a03044da8cf29ef7e9') in 0.158520 seconds 
========================================================================
Received Import Request.
  Time since last request: 0.000035 seconds.
  path: Assets/SteamVR/InteractionSystem/Samples/Prefabs/Buggy Controller.prefab
  artifactKey: Guid(d9803cc69067105488f4a78449f2aeec) Importer(815301076,1909f56bfc062723c751e8b465ee728b)
Start importing Assets/SteamVR/InteractionSystem/Samples/Prefabs/Buggy Controller.prefab using Guid(d9803cc69067105488f4a78449f2aeec) Importer(815301076,1909f56bfc062723c751e8b465ee728b)  -> (artifact id: 'b8d048a7171708f124c1baad0d7ccb52') in 0.037198 seconds 
========================================================================
Received Import Request.
  Time since last request: 0.000016 seconds.
  path: Assets/SteamVR/InteractionSystem/Samples/Prefabs/JoeJeff.prefab
  artifactKey: Guid(48530aab98abaa541acf2cf3f3f06d20) Importer(815301076,1909f56bfc062723c751e8b465ee728b)
Start importing Assets/SteamVR/InteractionSystem/Samples/Prefabs/JoeJeff.prefab using Guid(48530aab98abaa541acf2cf3f3f06d20) Importer(815301076,1909f56bfc062723c751e8b465ee728b)  -> (artifact id: '6e97a091bf8b1f7c2a486c79a3253d84') in 0.093631 seconds 
========================================================================
Received Import Request.
  Time since last request: 0.000026 seconds.
  path: Assets/SteamVR/InteractionSystem/Core/Prefabs/LeftRenderModel.prefab
  artifactKey: Guid(8ade79fed86bbd141926d1cd94c98457) Importer(815301076,1909f56bfc062723c751e8b465ee728b)
Start importing Assets/SteamVR/InteractionSystem/Core/Prefabs/LeftRenderModel.prefab using Guid(8ade79fed86bbd141926d1cd94c98457) Importer(815301076,1909f56bfc062723c751e8b465ee728b)  -> (artifact id: '6068544c95d46f7b6dac8564ffc5d06c') in 0.009646 seconds 
========================================================================
Received Import Request.
  Time since last request: 0.000015 seconds.
  path: Assets/SteamVR/InteractionSystem/Longbow/Prefabs/BalloonPop.prefab
  artifactKey: Guid(9d2dddaae5c812841accc43e4da1fccd) Importer(815301076,1909f56bfc062723c751e8b465ee728b)
Start importing Assets/SteamVR/InteractionSystem/Longbow/Prefabs/BalloonPop.prefab using Guid(9d2dddaae5c812841accc43e4da1fccd) Importer(815301076,1909f56bfc062723c751e8b465ee728b)  -> (artifact id: 'b599804f7354caff98bf579cb81add6f') in 0.007873 seconds 
========================================================================
Received Import Request.
  Time since last request: 0.000015 seconds.
  path: Assets/SteamVR/InteractionSystem/Core/Prefabs/RightRenderModel Slim.prefab
  artifactKey: Guid(837f93beb9a614743ae3a2c0ada7c388) Importer(815301076,1909f56bfc062723c751e8b465ee728b)
Start importing Assets/SteamVR/InteractionSystem/Core/Prefabs/RightRenderModel Slim.prefab using Guid(837f93beb9a614743ae3a2c0ada7c388) Importer(815301076,1909f56bfc062723c751e8b465ee728b)  -> (artifact id: '1ff517699f3066bf0dc1cc0a4cc5843f') in 0.006195 seconds 
========================================================================
Received Import Request.
  Time since last request: 0.000014 seconds.
  path: Assets/SteamVR/InteractionSystem/Longbow/Prefabs/Torch.prefab
  artifactKey: Guid(380bbbca09a806c4c8607dd111d9ed8f) Importer(815301076,1909f56bfc062723c751e8b465ee728b)
Start importing Assets/SteamVR/InteractionSystem/Longbow/Prefabs/Torch.prefab using Guid(380bbbca09a806c4c8607dd111d9ed8f) Importer(815301076,1909f56bfc062723c751e8b465ee728b)  -> (artifact id: 'b7b5d42564ce855c9f7e392f9dfdb87a') in 0.009518 seconds 
========================================================================
Received Import Request.
  Time since last request: 0.000014 seconds.
  path: Assets/SteamVR/InteractionSystem/Longbow/Prefabs/LongbowPreview.prefab
  artifactKey: Guid(a5b684916cfe6804985d74652a2af09f) Importer(815301076,1909f56bfc062723c751e8b465ee728b)
Start importing Assets/SteamVR/InteractionSystem/Longbow/Prefabs/LongbowPreview.prefab using Guid(a5b684916cfe6804985d74652a2af09f) Importer(815301076,1909f56bfc062723c751e8b465ee728b)  -> (artifact id: '689d827902f468ce56c32e9eb251b320') in 0.009036 seconds 
========================================================================
Received Import Request.
  Time since last request: 0.000013 seconds.
  path: Assets/SteamVR/Prefabs/vr_hand_alien_left.prefab
  artifactKey: Guid(78cacad1b5fb93349a980d2189b52b89) Importer(815301076,1909f56bfc062723c751e8b465ee728b)
Start importing Assets/SteamVR/Prefabs/vr_hand_alien_left.prefab using Guid(78cacad1b5fb93349a980d2189b52b89) Importer(815301076,1909f56bfc062723c751e8b465ee728b)  -> (artifact id: '29f289d0b4bb458f2ec607d4a5c4eb0c') in 0.018398 seconds 
========================================================================
Received Import Request.
  Time since last request: 0.000014 seconds.
  path: Assets/SteamVR/Prefabs/vr_glove_right.prefab
  artifactKey: Guid(5dc81ef5cae96304586abbc6e4b5beb8) Importer(815301076,1909f56bfc062723c751e8b465ee728b)
Start importing Assets/SteamVR/Prefabs/vr_glove_right.prefab using Guid(5dc81ef5cae96304586abbc6e4b5beb8) Importer(815301076,1909f56bfc062723c751e8b465ee728b)  -> (artifact id: '915dd9fb3890aef9125b31258250d01b') in 0.011430 seconds 
========================================================================
Received Import Request.
  Time since last request: 0.000014 seconds.
  path: Assets/SteamVR/InteractionSystem/Samples/Models/Table_Round.prefab
  artifactKey: Guid(e7af05fa230061c4da07e8ceda602506) Importer(815301076,1909f56bfc062723c751e8b465ee728b)
Start importing Assets/SteamVR/InteractionSystem/Samples/Models/Table_Round.prefab using Guid(e7af05fa230061c4da07e8ceda602506) Importer(815301076,1909f56bfc062723c751e8b465ee728b)  -> (artifact id: 'c432573584b4b57823a2d77c47dc7db1') in 0.011176 seconds 
========================================================================
Received Import Request.
  Time since last request: 0.000013 seconds.
  path: Assets/SteamVR/Prefabs/[SteamVR].prefab
  artifactKey: Guid(4f35fa249b5008c44ac2998be6f82d4d) Importer(815301076,1909f56bfc062723c751e8b465ee728b)
Start importing Assets/SteamVR/Prefabs/[SteamVR].prefab using Guid(4f35fa249b5008c44ac2998be6f82d4d) Importer(815301076,1909f56bfc062723c751e8b465ee728b)  -> (artifact id: '6f03282a765007f6a98bc404d5149c18') in 0.004532 seconds 
========================================================================
Received Import Request.
  Time since last request: 0.000013 seconds.
  path: Assets/SteamVR/Prefabs/vr_hand_alien_right.prefab
  artifactKey: Guid(a2330dd3e2bcb44428f727270af1d625) Importer(815301076,1909f56bfc062723c751e8b465ee728b)
Start importing Assets/SteamVR/Prefabs/vr_hand_alien_right.prefab using Guid(a2330dd3e2bcb44428f727270af1d625) Importer(815301076,1909f56bfc062723c751e8b465ee728b)  -> (artifact id: '162c1578151df7337a7d148c2c2fa32c') in 0.011374 seconds 
========================================================================
Received Import Request.
  Time since last request: 0.000013 seconds.
  path: Assets/SteamVR/InteractionSystem/Core/Prefabs/LeftRenderModel Alien.prefab
  artifactKey: Guid(d8d1e5711b2c77d48ac96e769aaff27a) Importer(815301076,1909f56bfc062723c751e8b465ee728b)
Start importing Assets/SteamVR/InteractionSystem/Core/Prefabs/LeftRenderModel Alien.prefab using Guid(d8d1e5711b2c77d48ac96e769aaff27a) Importer(815301076,1909f56bfc062723c751e8b465ee728b)  -> (artifact id: '9ae3a5a505e5b792a9bb25b902dc45bb') in 0.006213 seconds 
========================================================================
Received Import Request.
  Time since last request: 0.000011 seconds.
  path: Assets/SteamVR/InteractionSystem/Hints/Prefabs/ControllerTextHint.prefab
  artifactKey: Guid(5fa42bb9e52706a42b8a1eaf0b54326a) Importer(815301076,1909f56bfc062723c751e8b465ee728b)
Start importing Assets/SteamVR/InteractionSystem/Hints/Prefabs/ControllerTextHint.prefab using Guid(5fa42bb9e52706a42b8a1eaf0b54326a) Importer(815301076,1909f56bfc062723c751e8b465ee728b)  -> (artifact id: '9531b21d1933d87886beab77a267bfab') in 0.009048 seconds 
========================================================================
Received Import Request.
  Time since last request: 0.000012 seconds.
  path: Assets/SteamVR/InteractionSystem/Core/Prefabs/HandColliderRight.prefab
  artifactKey: Guid(2f378ddf4e9373548a3708d26c1d75a4) Importer(815301076,1909f56bfc062723c751e8b465ee728b)
Start importing Assets/SteamVR/InteractionSystem/Core/Prefabs/HandColliderRight.prefab using Guid(2f378ddf4e9373548a3708d26c1d75a4) Importer(815301076,1909f56bfc062723c751e8b465ee728b)  -> (artifact id: '8dcea6ddc1155b0f50bdd4975da9550d') in 0.004431 seconds 
========================================================================
Received Import Request.
  Time since last request: 0.000011 seconds.
  path: Assets/SteamVR/InteractionSystem/Samples/Prefabs/Buggy.prefab
  artifactKey: Guid(1e914d8e31fa95b488c87df17e68d504) Importer(815301076,1909f56bfc062723c751e8b465ee728b)
Start importing Assets/SteamVR/InteractionSystem/Samples/Prefabs/Buggy.prefab using Guid(1e914d8e31fa95b488c87df17e68d504) Importer(815301076,1909f56bfc062723c751e8b465ee728b)  -> (artifact id: '12a925e08d8beaf6b9a347c4aab599cb') in 0.038975 seconds 
========================================================================
Received Import Request.
  Time since last request: 0.000016 seconds.
  path: Assets/SteamVR/InteractionSystem/Longbow/Prefabs/BalloonPopNoSound.prefab
  artifactKey: Guid(a41945a8549c580408301691c2fd374e) Importer(815301076,1909f56bfc062723c751e8b465ee728b)
Start importing Assets/SteamVR/InteractionSystem/Longbow/Prefabs/BalloonPopNoSound.prefab using Guid(a41945a8549c580408301691c2fd374e) Importer(815301076,1909f56bfc062723c751e8b465ee728b)  -> (artifact id: '02f31aa3cbd928f1e989ada8b64a33d3') in 0.007557 seconds 
========================================================================
Received Import Request.
  Time since last request: 0.000021 seconds.
  path: Packages/com.unity.xr.legacyinputhelpers/Prefabs/XRRig.prefab
  artifactKey: Guid(c116b7497ab8ca34c9188965d4295e27) Importer(815301076,1909f56bfc062723c751e8b465ee728b)
Start importing Packages/com.unity.xr.legacyinputhelpers/Prefabs/XRRig.prefab using Guid(c116b7497ab8ca34c9188965d4295e27) Importer(815301076,1909f56bfc062723c751e8b465ee728b)  -> (artifact id: '8bd8b0f8b96e19841b97bd32b36257d9') in 0.005574 seconds 
Editor requested this worker to shutdown with reason: Scaling down because of idle timeout
AssetImportWorker is now disconnected from the server
Process exiting
Exiting without the bug reporter. Application will terminate with return code 0